[2025-12-08T14:47:19+05:30] Action: QUERY | Payload: 100 - (avg by (instance) (rate(node_cpu_seconds_total{mode="idle"}[5m])) * 100)
[2025-12-08T15:10:22+05:30] Action: QUERY | Payload: 100 * (1 - (node_memory_MemAvailable_bytes / node_memory_MemTotal_bytes))
[2025-12-08T15:24:42+05:30] Action: QUERY | Payload: 100 * (1 - (node_memory_MemAvailable_bytes / node_memory_MemTotal_bytes))
[2025-12-08T15:33:37+05:30] Action: QUERY | Payload: node_memory_MemAvailable_bytes
[2025-12-08T15:38:46+05:30] Action: QUERY | Payload: (node_memory_MemTotal_bytes - node_memory_MemAvailable_bytes) / node_memory_MemTotal_bytes * 100
[2025-12-08T15:53:54+05:30] Action: QUERY | Payload: (node_memory_MemTotal_bytes - node_memory_MemFree_bytes - node_memory_Cached_bytes - node_memory_Buffers_bytes) / node_memory_MemTotal_bytes * 100
[2025-12-08T15:59:00+05:30] Action: QUERY | Payload: (1 - node_memory_MemAvailable_bytes / node_memory_MemTotal_bytes) * 100
[2025-12-08T16:10:17+05:30] Action: QUERY | Payload: 100 - (node_memory_MemAvailable_bytes / node_memory_MemTotal_bytes * 100)
[2025-12-08T16:10:43+05:30] Action: QUERY | Payload: ALERTS{alertstate="firing"}
[2025-12-10T15:39:34+05:30] Action: QUERY | Payload: 100 - (node_memory_MemAvailable_bytes / node_memory_MemTotal_bytes * 100)
[2025-12-10T15:40:35+05:30] Action: QUERY | Payload: sum by (instance, mode) (rate(node_cpu_seconds_total[5m]))
[2025-12-10T15:42:12+05:30] Action: EXPLAIN | Payload: To check system health, I can query metrics like CPU usage (node_cpu_seconds_total), memory availability (node_memory_MemAvailable_bytes), disk I/O (node_disk_io_time_seconds_total), or system load (node_load1). Please specify which component you'd like to check or confirm if you want a general health overview.
[2025-12-10T15:42:45+05:30] Action: EXPLAIN | Payload: Prometheus does not provide a direct PromQL query to list all metrics. To view available metrics, use the Prometheus API endpoint `/api/v1/label/__name__/values` or check the `/metrics` endpoint of your Prometheus server. For summaries, consider queries like `count by (__name__) (count_values(1, __name__))` for metric name counts.
[2025-12-10T15:43:49+05:30] Action: QUERY | Payload: sum by (instance) (rate(node_cpu_seconds_total{mode!~"idle"}[5m])) * 100;
(1 - (node_memory_MemAvailable_bytes / node_memory_MemTotal_bytes)) * 100
[2025-12-10T15:45:11+05:30] Action: QUERY | Payload: avg by (instance) (rate(node_cpu_seconds_total{mode!="idle"}[5m])) * 100 or (node_memory_Active_bytes / node_memory_MemTotal_bytes) * 100
[2025-12-10T15:53:11+05:30] Action: QUERY | Payload: up
[2025-12-10T15:54:07+05:30] Action: QUERY | Payload: avg by (instance) (rate(cpu_usage_seconds_total[5m]))
[2025-12-10T15:54:59+05:30] Action: QUERY | Payload: 100 * (1 - (avg by (instance) (rate(node_cpu_seconds_total{mode='idle'}[1m])))) and 100 - (100 * node_memory_MemAvailable_bytes / node_memory_MemTotal_bytes)
[2025-12-10T15:56:06+05:30] Action: QUERY | Payload: sum by (instance) (rate(node_cpu_seconds_total{mode!~"idle|_"}[5m])) * 100 as cpu_usage_percent, (1 - (node_memory_MemAvailable_bytes / node_memory_MemTotal_bytes)) * 100 as memory_usage_percent
[2025-12-10T15:57:16+05:30] Action: QUERY | Payload: sum(rate(node_cpu_seconds_total{mode!="idle"}[5m])) by (instance) * 100
(node_memory_MemTotal_bytes - node_memory_MemAvailable_bytes) / node_memory_MemTotal_bytes * 100
[2025-12-10T15:57:28+05:30] Action: QUERY | Payload: sum(rate(node_cpu_seconds_total{mode!='idle'}[5m])) by (instance) / sum(rate(node_cpu_seconds_total[5m])) by (instance) * 100
(node_memory_MemTotal_bytes - node_memory_MemAvailable_bytes) / node_memory_MemTotal_bytes * 100
[2025-12-10T15:58:08+05:30] Action: QUERY | Payload: 100 * (1 - (avg by (instance) (rate(node_cpu_seconds_total{mode='idle'}[1m])))) and 100 * (1 - (avg by (instance) (rate(node_memory_MemFree_bytes[1m]) + rate(node_memory_Cached_bytes[1m]) + rate(node_memory_Buffers_bytes[1m])) / rate(node_memory_MemTotal_bytes[1m])))
[2025-12-10T15:59:13+05:30] Action: QUERY | Payload: 100 * (1 - (avg by (instance) (rate(node_cpu_seconds_total{mode='idle'}[1m])))) and 100 * (1 - (avg by (instance) (rate(node_memory_MemFree_bytes[1m]) + rate(node_memory_Cached_bytes[1m]) + rate(node_memory_Buffers_bytes[1m])) / rate(node_memory_MemTotal_bytes[1m])))
[2025-12-10T15:59:41+05:30] Action: QUERY | Payload: rate(node_cpu_seconds_total[5m])
node_memory_MemAvailable_bytes
[2025-12-10T16:00:43+05:30] Action: QUERY | Payload: rate(node_cpu_seconds_total{mode!="idle"}[5m]) * 100
((node_memory_MemTotal_bytes - node_memory_MemAvailable_bytes) / node_memory_MemTotal_bytes) * 100
[2025-12-10T16:01:13+05:30] Action: QUERY | Payload: CPU Usage: sum by (instance) (rate(node_cpu_seconds_total{mode!~"idle|_steal"}[5m])) * 100

Memory Usage: (1 - (node_memory_MemAvailable_bytes / node_memory_MemTotal_bytes)) * 100
[2025-12-10T16:02:06+05:30] Action: QUERY | Payload: CPU usage: avg by (instance) (rate(node_cpu_seconds_total{mode!='idle'}[5m])) * 100
Memory usage: (node_memory_Active_bytes / node_memory_MemTotal_bytes) * 100
[2025-12-10T16:04:26+05:30] Action: QUERY | Payload: 100 - avg by (instance) (irate(node_cpu_seconds_total{mode="idle"}[5m])) * 100 or (node_memory_MemTotal_bytes - node_memory_MemAvailable_bytes) / node_memory_MemTotal_bytes * 100
[2025-12-10T16:11:45+05:30] Action: QUERY | Payload: 100 - (avg by (instance) (irate(node_cpu_seconds_total{mode="idle"}[5m])) * 100)
(node_memory_Active_bytes / node_memory_MemTotal_bytes) * 100
[2025-12-10T16:12:15+05:30] Action: QUERY | Payload: 100 - (avg by (instance) (irate(node_cpu_seconds_total{mode="idle"}[5m])) * 100) or (node_memory_MemTotal_bytes - node_memory_MemAvailable_bytes) / node_memory_MemTotal_bytes * 100
[2025-12-10T16:12:39+05:30] Action: EXPLAIN | Payload: To summarize the system you typically query a set of key metrics: CPU usage (e.g., sum by (instance) (rate(node_cpu_seconds_total[5m]))), memory availability (node_memory_MemAvailable_bytes), disk usage (node_filesystem_avail_bytes), network traffic (rate(node_network_receive_bytes_total[5m]) and rate(node_network_transmit_bytes_total[5m])), and service health (up). A single PromQL query cannot meaningfully "summarize all metrics"; you need to run multiple queries or a recording rule that aggregates the most important ones. Combine the results in your dashboard or CLI to get a full picture.
[2025-12-10T16:12:57+05:30] Action: QUERY | Payload: {__name__=~".+"}
[2025-12-10T16:13:05+05:30] Action: QUERY | Payload: {__name__!=""}
[2025-12-10T16:13:26+05:30] Action: QUERY | Payload: count by (__name__)({__name__!=""})
[2025-12-10T16:14:01+05:30] Action: EXPLAIN | Payload: To summarize the system by checking all metrics and providing percentages, you can start by listing all metric names with a query like `{__name__=~".+"}`. However, calculating a percentage requires a reference value (e.g., total capacity, max value, or sum of related metrics). Without a specific denominator, generic percentages cannot be derived. If you define the reference for each metric (e.g., CPU usage as a percentage of total CPU, memory usage as a percentage of total memory), you can then use PromQL expressions such as `100 * (metric_name / reference_metric)` to compute the percentages. Provide the reference metrics or the context you want percentages relative to, and I can craft the exact PromQL queries for you.
[2025-12-10T16:14:15+05:30] Action: QUERY | Payload: (label_replace(100 * sum by (instance) (rate(node_cpu_seconds_total{mode!="idle"}[5m])) / sum by (instance) (rate(node_cpu_seconds_total[5m])),"metric","cpu_usage","","")) or (label_replace(100 * (node_memory_MemTotal_bytes - node_memory_MemAvailable_bytes) / node_memory_MemTotal_bytes,"metric","mem_usage","","")) or (label_replace(100 * (node_filesystem_size_bytes - node_filesystem_free_bytes) / node_filesystem_size_bytes,"metric","disk_usage","",""))
[2025-12-10T16:26:19+05:30] Action: QUERY | Payload: CPU usage %: (1 - avg by (instance) (rate(node_cpu_seconds_total{mode=\"idle\"}[5m]))) * 100
Memory usage %: (node_memory_MemTotal_bytes - node_memory_MemAvailable_bytes) / node_memory_MemTotal_bytes * 100
Disk usage %: (node_filesystem_size_bytes - node_filesystem_free_bytes) / node_filesystem_size_bytes * 100
Network usage %: rate(node_network_receive_bytes_total[5m]) / node_network_speed_bytes * 100
[2025-12-10T16:27:39+05:30] Action: QUERY | Payload: 100 * (1 - avg by (instance) (rate(node_cpu_seconds_total{mode="idle"}[5m]))) / avg by (instance) (rate(node_cpu_seconds_total[5m])); (node_memory_MemTotal_bytes - node_memory_MemAvailable_bytes) / node_memory_MemTotal_bytes * 100; node_filesystem_utilization * 100
[2025-12-10T16:30:37+05:30] Action: EXPLAIN | Payload: System-wide percentage metrics require specific queries. Common metrics include:
1. CPU Usage: 100 * (1 - avg by (instance) (irate(node_cpu_seconds_total{mode="idle"}[5m])))
2. Memory Usage: (1 - (node_memory_MemAvailable_bytes / node_memory_MemTotal_bytes)) * 100
3. Disk Usage: 100 - (node_filesystem_avail_bytes / node_filesystem_size_bytes * 100)
4. Network Utilization: (rate(node_network_receive_bytes_total[5m]) / node_network_interface_speed * 100)

Please specify which resource you want to monitor or run individual queries for each metric type.
[2025-12-10T16:32:17+05:30] Action: EXPLAIN | Payload: To get a high‑level percentage view of the system you need to query each metric type separately and compute its ratio to a known capacity or total. Typical patterns:

1. CPU usage per node (percentage):
   `100 * avg by (instance) (rate(node_cpu_seconds_total{mode!="idle"}[5m])) / avg by (instance) (rate(node_cpu_seconds_total[5m]))`

2. Memory usage per node (percentage):
   `100 * (node_memory_MemTotal_bytes - node_memory_MemAvailable_bytes) / node_memory_MemTotal_bytes`

3. Disk space usage per mount (percentage):
   `100 * (node_filesystem_size_bytes - node_filesystem_free_bytes) / node_filesystem_size_bytes`

4. Network bandwidth utilization (percentage of interface speed):
   `100 * rate(node_network_receive_bytes_total[5m]) / on (instance,device) node_network_speed_bytes`

5. HTTP request success rate (percentage):
   `100 * sum(rate(http_requests_total{status=~"2.."}[5m])) / sum(rate(http_requests_total[5m]))`

6. Application‑specific queue depth as a percentage of max depth (if max is exposed):
   `100 * myapp_queue_current / myapp_queue_max`

7. Kubernetes pod CPU request vs limit (percentage of limit used):
   `100 * sum(rate(container_cpu_usage_seconds_total[5m])) by (pod) / sum(kube_pod_container_resource_limits_cpu_cores) by (pod)`

8. Overall cluster health can be approximated by averaging key percentages:
   `avg(
     100 * (node_memory_MemTotal_bytes - node_memory_MemAvailable_bytes) / node_memory_MemTotal_bytes,
     100 * (node_filesystem_size_bytes - node_filesystem_free_bytes) / node_filesystem_size_bytes,
     100 * sum(rate(http_requests_total{status=~"2.."}[5m])) / sum(rate(http_requests_total[5m]))
   )`

Steps:
- Identify the key resources you want to monitor (CPU, memory, disk, network, app‑level metrics).
- For each metric, use `rate()` for counters and direct gauge values for instantaneous metrics.
- Multiply by 100 to get a percentage.
- Optionally aggregate with `avg` or `sum` across instances to get a cluster‑wide view.

Because Prometheus does not have a built‑in "list all metrics and compute percentages" function, you must craft queries for each metric you care about, as shown above. You can then combine them in a Grafana dashboard or use recording rules to store the percentage values for later analysis.
[2025-12-10T16:33:16+05:30] Action: EXPLAIN | Payload: To summarize the system by checking all metrics and providing percentages, we need to define what each percentage represents (e.g., usage vs capacity, error rate vs total requests). A generic approach is to list all metric names with their current values using the query `sum by (__name__) (rate({__name__=~".+"}[5m]))`. Then, for each metric where a total or capacity metric exists (e.g., `cpu_usage_seconds_total` vs `cpu_capacity_seconds`), compute the percentage with a query like `(cpu_usage_seconds_total / cpu_capacity_seconds) * 100`. Since the request is ambiguous, please specify which metrics you want percentages for or the reference totals to calculate percentages.
[2025-12-10T16:36:10+05:30] Action: QUERY | Payload: (100 - avg by (instance) (rate(node_cpu_seconds_total{mode="idle"}[5m])) * 100) or ((node_memory_MemTotal_bytes - node_memory_MemAvailable_bytes) / node_memory_MemTotal_bytes * 100) or ((node_filesystem_size_bytes - node_filesystem_free_bytes) / node_filesystem_size_bytes * 100)
[2025-12-10T16:37:27+05:30] Action: QUERY | Payload: 100 * (1 - avg by (instance) (irate(node_cpu_seconds_total{mode="idle"}[5m]))) as cpu_usage_percent, 100 * (1 - (node_memory_MemAvailable_bytes / node_memory_MemTotal_bytes)) as memory_usage_percent, 100 * (1 - (node_filesystem_avail_bytes{fstype!~"tmpfs|devtmpfs"} / node_filesystem_size_bytes{fstype!~"tmpfs|devtmpfs"})) as disk_usage_percent, irate(node_network_receive_bytes_total[5m]) as network_receive_rate, irate(node_network_transmit_bytes_total[5m]) as network_transmit_rate
[2025-12-10T16:38:20+05:30] Action: QUERY | Payload: (1 - avg by (instance) (irate(node_cpu_seconds_total{mode="idle"}[5m]))) * 100

((node_memory_MemTotal_bytes - node_memory_MemAvailable_bytes) / node_memory_MemTotal_bytes) * 100

((node_filesystem_size_bytes{fstype!="tmpfs"} - node_filesystem_avail_bytes{fstype!="tmpfs"}) / node_filesystem_size_bytes{fstype!="tmpfs"}) * 100
[2025-12-10T16:43:00+05:30] Action: QUERY | Payload: (1 - avg by (instance) (rate(node_cpu_seconds_total{mode="idle"}[5m]))) * 100 or (node_memory_MemTotal_bytes - node_memory_MemAvailable_bytes) / node_memory_MemTotal_bytes * 100 or (node_filesystem_size_bytes - node_filesystem_free_bytes) / node_filesystem_size_bytes * 100
[2025-12-10T16:45:14+05:30] Action: QUERY | Payload: 100 - (avg by (instance) (rate(node_cpu_seconds_total{mode="idle"}[5m])) * 100) or ((node_memory_MemTotal_bytes - node_memory_MemAvailable_bytes) / node_memory_MemTotal_bytes * 100) or ((node_filesystem_size_bytes - node_filesystem_free_bytes) / node_filesystem_size_bytes * 100)
[2025-12-10T16:51:23+05:30] Action: FIX | Payload: sudo reboot
[2025-12-10T16:51:39+05:30] Action: FIX | Payload: sync && echo 3 > /proc/sys/vm/drop_caches
[2025-12-10T16:52:13+05:30] Action: EXPLAIN | Payload: To reduce CPU usage, first identify the pods or nodes consuming the most CPU with a PromQL query (e.g., `sum by (pod) (rate(node_cpu_seconds_total{mode!="idle"}[5m]))`). Then you can:
1. Adjust resource limits/requests for the offending deployments (`kubectl set resources deployment/<name> --limits=cpu=500m --requests=cpu=250m`).
2. Restart or redeploy the noisy pods (`kubectl rollout restart deployment/<name>`).
3. Scale the deployment horizontally to spread the load (`kubectl scale deployment/<name> --replicas=<higher>`).
4. Optimize the application code or configuration that causes high CPU.
These steps will help bring CPU usage down.
[2025-12-10T16:52:54+05:30] Action: EXPLAIN | Payload: CPU usage can be observed with: 100 - (avg by (instance) (rate(node_cpu_seconds_total{mode="idle"}[5m])) * 100). This returns the percentage of CPU time spent on non‑idle work for each node. To reduce it, identify high‑usage pods (e.g., using topk(5, sum by (pod) (rate(container_cpu_usage_seconds_total[5m])))), then optimise code, set appropriate CPU requests/limits, scale out workloads, disable unnecessary services, and tune kernel parameters if needed.
[2025-12-10T16:53:18+05:30] Action: QUERY | Payload: 100 - (avg by (instance) (rate(node_cpu_seconds_total{mode="idle"}[5m])) * 100)
[2025-12-10T16:53:59+05:30] Action: QUERY | Payload: 100 - (avg by (instance) (rate(node_cpu_seconds_total{mode="idle"}[5m])) * 100)
[2025-12-10T16:57:16+05:30] Action: QUERY | Payload: 100 - (avg by (instance) (rate(node_cpu_seconds_total{mode='idle'}[5m])) * 100)
[2025-12-10T16:57:56+05:30] Action: QUERY | Payload: 100 * (avg by (instance) (node_memory_Active_bytes) / avg by (instance) (node_memory_MemTotal_bytes))
[2025-12-10T16:58:32+05:30] Action: QUERY | Payload: 100 - (avg by (instance) (rate(node_cpu_seconds_total{mode="idle"}[5m])) * 100)
[2025-12-10T16:59:38+05:30] Action: QUERY | Payload: 100 - (avg by (instance) (rate(node_cpu_seconds_total{mode='idle'}[10m])) * 100)
[2025-12-10T17:01:20+05:30] Action: QUERY | Payload: 100 - (avg by (instance) (rate(node_cpu_seconds_total{mode='idle'}[10m])) * 100)
